DEBUG   2022-09-10 17:53:00,435 [main] devpinoyLogger  - Config File loaded!!
DEBUG   2022-09-10 17:53:04,521 [main] freemarker.cache  - Couldn't find template in cache for "spark/spark.spa.ftl"("en_IN", UTF-8, parsed); will try to load it.
DEBUG   2022-09-10 17:53:04,523 [main] freemarker.cache  - TemplateLoader.findTemplateSource("spark/spark.spa_en_IN.ftl"): Not found
DEBUG   2022-09-10 17:53:04,525 [main] freemarker.cache  - TemplateLoader.findTemplateSource("spark/spark.spa_en.ftl"): Not found
DEBUG   2022-09-10 17:53:04,526 [main] freemarker.cache  - TemplateLoader.findTemplateSource("spark/spark.spa.ftl"): Found
DEBUG   2022-09-10 17:53:04,526 [main] freemarker.cache  - Loading template for "spark/spark.spa.ftl"("en_IN", UTF-8, parsed) from "jar:file:/C:/Users/Akundar/.m2/repository/com/aventstack/extentreports/5.0.9/extentreports-5.0.9.jar!/com/aventstack/extentreports/templates/spark/spark.spa.ftl"
DEBUG   2022-09-10 17:53:04,577 [main] freemarker.cache  - Couldn't find template in cache for "commons/commons-variables.ftl"("en_IN", UTF-8, parsed); will try to load it.
DEBUG   2022-09-10 17:53:04,577 [main] freemarker.cache  - TemplateLoader.findTemplateSource("commons/commons-variables_en_IN.ftl"): Not found
DEBUG   2022-09-10 17:53:04,578 [main] freemarker.cache  - TemplateLoader.findTemplateSource("commons/commons-variables_en.ftl"): Not found
DEBUG   2022-09-10 17:53:04,578 [main] freemarker.cache  - TemplateLoader.findTemplateSource("commons/commons-variables.ftl"): Found
DEBUG   2022-09-10 17:53:04,578 [main] freemarker.cache  - Loading template for "commons/commons-variables.ftl"("en_IN", UTF-8, parsed) from "jar:file:/C:/Users/Akundar/.m2/repository/com/aventstack/extentreports/5.0.9/extentreports-5.0.9.jar!/com/aventstack/extentreports/templates/commons/commons-variables.ftl"
DEBUG   2022-09-10 17:53:04,656 [main] freemarker.cache  - Couldn't find template in cache for "commons/commons-macros.ftl"("en_IN", UTF-8, parsed); will try to load it.
DEBUG   2022-09-10 17:53:04,659 [main] freemarker.cache  - TemplateLoader.findTemplateSource("commons/commons-macros_en_IN.ftl"): Not found
DEBUG   2022-09-10 17:53:04,659 [main] freemarker.cache  - TemplateLoader.findTemplateSource("commons/commons-macros_en.ftl"): Not found
DEBUG   2022-09-10 17:53:04,660 [main] freemarker.cache  - TemplateLoader.findTemplateSource("commons/commons-macros.ftl"): Found
DEBUG   2022-09-10 17:53:04,660 [main] freemarker.cache  - Loading template for "commons/commons-macros.ftl"("en_IN", UTF-8, parsed) from "jar:file:/C:/Users/Akundar/.m2/repository/com/aventstack/extentreports/5.0.9/extentreports-5.0.9.jar!/com/aventstack/extentreports/templates/commons/commons-macros.ftl"
DEBUG   2022-09-10 17:53:04,665 [main] freemarker.cache  - Couldn't find template in cache for "spark/macros/attributes.ftl"("en_IN", UTF-8, parsed); will try to load it.
DEBUG   2022-09-10 17:53:04,666 [main] freemarker.cache  - TemplateLoader.findTemplateSource("spark/macros/attributes_en_IN.ftl"): Not found
DEBUG   2022-09-10 17:53:04,667 [main] freemarker.cache  - TemplateLoader.findTemplateSource("spark/macros/attributes_en.ftl"): Not found
DEBUG   2022-09-10 17:53:04,667 [main] freemarker.cache  - TemplateLoader.findTemplateSource("spark/macros/attributes.ftl"): Found
DEBUG   2022-09-10 17:53:04,667 [main] freemarker.cache  - Loading template for "spark/macros/attributes.ftl"("en_IN", UTF-8, parsed) from "jar:file:/C:/Users/Akundar/.m2/repository/com/aventstack/extentreports/5.0.9/extentreports-5.0.9.jar!/com/aventstack/extentreports/templates/spark/macros/attributes.ftl"
DEBUG   2022-09-10 17:53:04,669 [main] freemarker.cache  - Couldn't find template in cache for "spark/macros/log.ftl"("en_IN", UTF-8, parsed); will try to load it.
DEBUG   2022-09-10 17:53:04,669 [main] freemarker.cache  - TemplateLoader.findTemplateSource("spark/macros/log_en_IN.ftl"): Not found
DEBUG   2022-09-10 17:53:04,670 [main] freemarker.cache  - TemplateLoader.findTemplateSource("spark/macros/log_en.ftl"): Not found
DEBUG   2022-09-10 17:53:04,670 [main] freemarker.cache  - TemplateLoader.findTemplateSource("spark/macros/log.ftl"): Found
DEBUG   2022-09-10 17:53:04,670 [main] freemarker.cache  - Loading template for "spark/macros/log.ftl"("en_IN", UTF-8, parsed) from "jar:file:/C:/Users/Akundar/.m2/repository/com/aventstack/extentreports/5.0.9/extentreports-5.0.9.jar!/com/aventstack/extentreports/templates/spark/macros/log.ftl"
DEBUG   2022-09-10 17:53:04,675 [main] freemarker.cache  - Couldn't find template in cache for "spark/macros/recurse_nodes.ftl"("en_IN", UTF-8, parsed); will try to load it.
DEBUG   2022-09-10 17:53:04,676 [main] freemarker.cache  - TemplateLoader.findTemplateSource("spark/macros/recurse_nodes_en_IN.ftl"): Not found
DEBUG   2022-09-10 17:53:04,676 [main] freemarker.cache  - TemplateLoader.findTemplateSource("spark/macros/recurse_nodes_en.ftl"): Not found
DEBUG   2022-09-10 17:53:04,677 [main] freemarker.cache  - TemplateLoader.findTemplateSource("spark/macros/recurse_nodes.ftl"): Found
DEBUG   2022-09-10 17:53:04,677 [main] freemarker.cache  - Loading template for "spark/macros/recurse_nodes.ftl"("en_IN", UTF-8, parsed) from "jar:file:/C:/Users/Akundar/.m2/repository/com/aventstack/extentreports/5.0.9/extentreports-5.0.9.jar!/com/aventstack/extentreports/templates/spark/macros/recurse_nodes.ftl"
DEBUG   2022-09-10 17:53:04,680 [main] freemarker.cache  - "spark/macros/log.ftl"("en_IN", UTF-8, parsed) cached copy not yet stale; using cached.
DEBUG   2022-09-10 17:53:04,680 [main] freemarker.cache  - Couldn't find template in cache for "spark/macros/attr-common.ftl"("en_IN", UTF-8, parsed); will try to load it.
DEBUG   2022-09-10 17:53:04,681 [main] freemarker.cache  - TemplateLoader.findTemplateSource("spark/macros/attr-common_en_IN.ftl"): Not found
DEBUG   2022-09-10 17:53:04,681 [main] freemarker.cache  - TemplateLoader.findTemplateSource("spark/macros/attr-common_en.ftl"): Not found
DEBUG   2022-09-10 17:53:04,682 [main] freemarker.cache  - TemplateLoader.findTemplateSource("spark/macros/attr-common.ftl"): Found
DEBUG   2022-09-10 17:53:04,682 [main] freemarker.cache  - Loading template for "spark/macros/attr-common.ftl"("en_IN", UTF-8, parsed) from "jar:file:/C:/Users/Akundar/.m2/repository/com/aventstack/extentreports/5.0.9/extentreports-5.0.9.jar!/com/aventstack/extentreports/templates/spark/macros/attr-common.ftl"
DEBUG   2022-09-10 17:53:04,687 [main] freemarker.cache  - Couldn't find template in cache for "spark/partials/head.ftl"("en_IN", UTF-8, parsed); will try to load it.
DEBUG   2022-09-10 17:53:04,687 [main] freemarker.cache  - TemplateLoader.findTemplateSource("spark/partials/head_en_IN.ftl"): Not found
DEBUG   2022-09-10 17:53:04,687 [main] freemarker.cache  - TemplateLoader.findTemplateSource("spark/partials/head_en.ftl"): Not found
DEBUG   2022-09-10 17:53:04,688 [main] freemarker.cache  - TemplateLoader.findTemplateSource("spark/partials/head.ftl"): Found
DEBUG   2022-09-10 17:53:04,688 [main] freemarker.cache  - Loading template for "spark/partials/head.ftl"("en_IN", UTF-8, parsed) from "jar:file:/C:/Users/Akundar/.m2/repository/com/aventstack/extentreports/5.0.9/extentreports-5.0.9.jar!/com/aventstack/extentreports/templates/spark/partials/head.ftl"
DEBUG   2022-09-10 17:53:04,696 [main] freemarker.cache  - Couldn't find template in cache for "commons/commons-inject-css.ftl"("en_IN", UTF-8, parsed); will try to load it.
DEBUG   2022-09-10 17:53:04,696 [main] freemarker.cache  - TemplateLoader.findTemplateSource("commons/commons-inject-css_en_IN.ftl"): Not found
DEBUG   2022-09-10 17:53:04,696 [main] freemarker.cache  - TemplateLoader.findTemplateSource("commons/commons-inject-css_en.ftl"): Not found
DEBUG   2022-09-10 17:53:04,696 [main] freemarker.cache  - TemplateLoader.findTemplateSource("commons/commons-inject-css.ftl"): Found
DEBUG   2022-09-10 17:53:04,697 [main] freemarker.cache  - Loading template for "commons/commons-inject-css.ftl"("en_IN", UTF-8, parsed) from "jar:file:/C:/Users/Akundar/.m2/repository/com/aventstack/extentreports/5.0.9/extentreports-5.0.9.jar!/com/aventstack/extentreports/templates/commons/commons-inject-css.ftl"
DEBUG   2022-09-10 17:53:04,697 [main] freemarker.cache  - Couldn't find template in cache for "spark/partials/navbar.ftl"("en_IN", UTF-8, parsed); will try to load it.
DEBUG   2022-09-10 17:53:04,697 [main] freemarker.cache  - TemplateLoader.findTemplateSource("spark/partials/navbar_en_IN.ftl"): Not found
DEBUG   2022-09-10 17:53:04,698 [main] freemarker.cache  - TemplateLoader.findTemplateSource("spark/partials/navbar_en.ftl"): Not found
DEBUG   2022-09-10 17:53:04,698 [main] freemarker.cache  - TemplateLoader.findTemplateSource("spark/partials/navbar.ftl"): Found
DEBUG   2022-09-10 17:53:04,698 [main] freemarker.cache  - Loading template for "spark/partials/navbar.ftl"("en_IN", UTF-8, parsed) from "jar:file:/C:/Users/Akundar/.m2/repository/com/aventstack/extentreports/5.0.9/extentreports-5.0.9.jar!/com/aventstack/extentreports/templates/spark/partials/navbar.ftl"
DEBUG   2022-09-10 17:53:04,709 [main] freemarker.cache  - Couldn't find template in cache for "spark/partials/sidenav.ftl"("en_IN", UTF-8, parsed); will try to load it.
DEBUG   2022-09-10 17:53:04,709 [main] freemarker.cache  - TemplateLoader.findTemplateSource("spark/partials/sidenav_en_IN.ftl"): Not found
DEBUG   2022-09-10 17:53:04,710 [main] freemarker.cache  - TemplateLoader.findTemplateSource("spark/partials/sidenav_en.ftl"): Not found
DEBUG   2022-09-10 17:53:04,710 [main] freemarker.cache  - TemplateLoader.findTemplateSource("spark/partials/sidenav.ftl"): Found
DEBUG   2022-09-10 17:53:04,710 [main] freemarker.cache  - Loading template for "spark/partials/sidenav.ftl"("en_IN", UTF-8, parsed) from "jar:file:/C:/Users/Akundar/.m2/repository/com/aventstack/extentreports/5.0.9/extentreports-5.0.9.jar!/com/aventstack/extentreports/templates/spark/partials/sidenav.ftl"
DEBUG   2022-09-10 17:53:04,733 [main] freemarker.cache  - Couldn't find template in cache for "spark/partials/test.ftl"("en_IN", UTF-8, parsed); will try to load it.
DEBUG   2022-09-10 17:53:04,734 [main] freemarker.cache  - TemplateLoader.findTemplateSource("spark/partials/test_en_IN.ftl"): Not found
DEBUG   2022-09-10 17:53:04,734 [main] freemarker.cache  - TemplateLoader.findTemplateSource("spark/partials/test_en.ftl"): Not found
DEBUG   2022-09-10 17:53:04,734 [main] freemarker.cache  - TemplateLoader.findTemplateSource("spark/partials/test.ftl"): Found
DEBUG   2022-09-10 17:53:04,735 [main] freemarker.cache  - Loading template for "spark/partials/test.ftl"("en_IN", UTF-8, parsed) from "jar:file:/C:/Users/Akundar/.m2/repository/com/aventstack/extentreports/5.0.9/extentreports-5.0.9.jar!/com/aventstack/extentreports/templates/spark/partials/test.ftl"
DEBUG   2022-09-10 17:53:04,750 [main] freemarker.cache  - Couldn't find template in cache for "spark/partials/standard-content.ftl"("en_IN", UTF-8, parsed); will try to load it.
DEBUG   2022-09-10 17:53:04,751 [main] freemarker.cache  - TemplateLoader.findTemplateSource("spark/partials/standard-content_en_IN.ftl"): Not found
DEBUG   2022-09-10 17:53:04,751 [main] freemarker.cache  - TemplateLoader.findTemplateSource("spark/partials/standard-content_en.ftl"): Not found
DEBUG   2022-09-10 17:53:04,751 [main] freemarker.cache  - TemplateLoader.findTemplateSource("spark/partials/standard-content.ftl"): Found
DEBUG   2022-09-10 17:53:04,752 [main] freemarker.cache  - Loading template for "spark/partials/standard-content.ftl"("en_IN", UTF-8, parsed) from "jar:file:/C:/Users/Akundar/.m2/repository/com/aventstack/extentreports/5.0.9/extentreports-5.0.9.jar!/com/aventstack/extentreports/templates/spark/partials/standard-content.ftl"
DEBUG   2022-09-10 17:53:04,760 [main] freemarker.cache  - "spark/partials/standard-content.ftl"("en_IN", UTF-8, parsed) cached copy not yet stale; using cached.
DEBUG   2022-09-10 17:53:04,762 [main] freemarker.cache  - "spark/partials/standard-content.ftl"("en_IN", UTF-8, parsed) cached copy not yet stale; using cached.
DEBUG   2022-09-10 17:53:04,763 [main] freemarker.cache  - Couldn't find template in cache for "spark/partials/exception.ftl"("en_IN", UTF-8, parsed); will try to load it.
DEBUG   2022-09-10 17:53:04,763 [main] freemarker.cache  - TemplateLoader.findTemplateSource("spark/partials/exception_en_IN.ftl"): Not found
DEBUG   2022-09-10 17:53:04,764 [main] freemarker.cache  - TemplateLoader.findTemplateSource("spark/partials/exception_en.ftl"): Not found
DEBUG   2022-09-10 17:53:04,764 [main] freemarker.cache  - TemplateLoader.findTemplateSource("spark/partials/exception.ftl"): Found
DEBUG   2022-09-10 17:53:04,764 [main] freemarker.cache  - Loading template for "spark/partials/exception.ftl"("en_IN", UTF-8, parsed) from "jar:file:/C:/Users/Akundar/.m2/repository/com/aventstack/extentreports/5.0.9/extentreports-5.0.9.jar!/com/aventstack/extentreports/templates/spark/partials/exception.ftl"
DEBUG   2022-09-10 17:53:04,765 [main] freemarker.cache  - Couldn't find template in cache for "spark/partials/category.ftl"("en_IN", UTF-8, parsed); will try to load it.
DEBUG   2022-09-10 17:53:04,765 [main] freemarker.cache  - TemplateLoader.findTemplateSource("spark/partials/category_en_IN.ftl"): Not found
DEBUG   2022-09-10 17:53:04,766 [main] freemarker.cache  - TemplateLoader.findTemplateSource("spark/partials/category_en.ftl"): Not found
DEBUG   2022-09-10 17:53:04,766 [main] freemarker.cache  - TemplateLoader.findTemplateSource("spark/partials/category.ftl"): Found
DEBUG   2022-09-10 17:53:04,766 [main] freemarker.cache  - Loading template for "spark/partials/category.ftl"("en_IN", UTF-8, parsed) from "jar:file:/C:/Users/Akundar/.m2/repository/com/aventstack/extentreports/5.0.9/extentreports-5.0.9.jar!/com/aventstack/extentreports/templates/spark/partials/category.ftl"
DEBUG   2022-09-10 17:53:04,767 [main] freemarker.cache  - Couldn't find template in cache for "spark/partials/device.ftl"("en_IN", UTF-8, parsed); will try to load it.
DEBUG   2022-09-10 17:53:04,767 [main] freemarker.cache  - TemplateLoader.findTemplateSource("spark/partials/device_en_IN.ftl"): Not found
DEBUG   2022-09-10 17:53:04,767 [main] freemarker.cache  - TemplateLoader.findTemplateSource("spark/partials/device_en.ftl"): Not found
DEBUG   2022-09-10 17:53:04,768 [main] freemarker.cache  - TemplateLoader.findTemplateSource("spark/partials/device.ftl"): Found
DEBUG   2022-09-10 17:53:04,768 [main] freemarker.cache  - Loading template for "spark/partials/device.ftl"("en_IN", UTF-8, parsed) from "jar:file:/C:/Users/Akundar/.m2/repository/com/aventstack/extentreports/5.0.9/extentreports-5.0.9.jar!/com/aventstack/extentreports/templates/spark/partials/device.ftl"
DEBUG   2022-09-10 17:53:04,769 [main] freemarker.cache  - Couldn't find template in cache for "spark/partials/author.ftl"("en_IN", UTF-8, parsed); will try to load it.
DEBUG   2022-09-10 17:53:04,769 [main] freemarker.cache  - TemplateLoader.findTemplateSource("spark/partials/author_en_IN.ftl"): Not found
DEBUG   2022-09-10 17:53:04,770 [main] freemarker.cache  - TemplateLoader.findTemplateSource("spark/partials/author_en.ftl"): Not found
DEBUG   2022-09-10 17:53:04,770 [main] freemarker.cache  - TemplateLoader.findTemplateSource("spark/partials/author.ftl"): Found
DEBUG   2022-09-10 17:53:04,770 [main] freemarker.cache  - Loading template for "spark/partials/author.ftl"("en_IN", UTF-8, parsed) from "jar:file:/C:/Users/Akundar/.m2/repository/com/aventstack/extentreports/5.0.9/extentreports-5.0.9.jar!/com/aventstack/extentreports/templates/spark/partials/author.ftl"
DEBUG   2022-09-10 17:53:04,771 [main] freemarker.cache  - Couldn't find template in cache for "spark/partials/log.ftl"("en_IN", UTF-8, parsed); will try to load it.
DEBUG   2022-09-10 17:53:04,771 [main] freemarker.cache  - TemplateLoader.findTemplateSource("spark/partials/log_en_IN.ftl"): Not found
DEBUG   2022-09-10 17:53:04,773 [main] freemarker.cache  - TemplateLoader.findTemplateSource("spark/partials/log_en.ftl"): Not found
DEBUG   2022-09-10 17:53:04,775 [main] freemarker.cache  - TemplateLoader.findTemplateSource("spark/partials/log.ftl"): Found
DEBUG   2022-09-10 17:53:04,775 [main] freemarker.cache  - Loading template for "spark/partials/log.ftl"("en_IN", UTF-8, parsed) from "jar:file:/C:/Users/Akundar/.m2/repository/com/aventstack/extentreports/5.0.9/extentreports-5.0.9.jar!/com/aventstack/extentreports/templates/spark/partials/log.ftl"
DEBUG   2022-09-10 17:53:04,776 [main] freemarker.cache  - Couldn't find template in cache for "spark/partials/dashboard.ftl"("en_IN", UTF-8, parsed); will try to load it.
DEBUG   2022-09-10 17:53:04,777 [main] freemarker.cache  - TemplateLoader.findTemplateSource("spark/partials/dashboard_en_IN.ftl"): Not found
DEBUG   2022-09-10 17:53:04,777 [main] freemarker.cache  - TemplateLoader.findTemplateSource("spark/partials/dashboard_en.ftl"): Not found
DEBUG   2022-09-10 17:53:04,777 [main] freemarker.cache  - TemplateLoader.findTemplateSource("spark/partials/dashboard.ftl"): Found
DEBUG   2022-09-10 17:53:04,777 [main] freemarker.cache  - Loading template for "spark/partials/dashboard.ftl"("en_IN", UTF-8, parsed) from "jar:file:/C:/Users/Akundar/.m2/repository/com/aventstack/extentreports/5.0.9/extentreports-5.0.9.jar!/com/aventstack/extentreports/templates/spark/partials/dashboard.ftl"
DEBUG   2022-09-10 17:53:04,809 [main] freemarker.cache  - Couldn't find template in cache for "spark/partials/scripts.ftl"("en_IN", UTF-8, parsed); will try to load it.
DEBUG   2022-09-10 17:53:04,810 [main] freemarker.cache  - TemplateLoader.findTemplateSource("spark/partials/scripts_en_IN.ftl"): Not found
DEBUG   2022-09-10 17:53:04,810 [main] freemarker.cache  - TemplateLoader.findTemplateSource("spark/partials/scripts_en.ftl"): Not found
DEBUG   2022-09-10 17:53:04,811 [main] freemarker.cache  - TemplateLoader.findTemplateSource("spark/partials/scripts.ftl"): Found
DEBUG   2022-09-10 17:53:04,811 [main] freemarker.cache  - Loading template for "spark/partials/scripts.ftl"("en_IN", UTF-8, parsed) from "jar:file:/C:/Users/Akundar/.m2/repository/com/aventstack/extentreports/5.0.9/extentreports-5.0.9.jar!/com/aventstack/extentreports/templates/spark/partials/scripts.ftl"
DEBUG   2022-09-10 17:53:04,812 [main] freemarker.cache  - Couldn't find template in cache for "commons/commons-inject-js.ftl"("en_IN", UTF-8, parsed); will try to load it.
DEBUG   2022-09-10 17:53:04,812 [main] freemarker.cache  - TemplateLoader.findTemplateSource("commons/commons-inject-js_en_IN.ftl"): Not found
DEBUG   2022-09-10 17:53:04,813 [main] freemarker.cache  - TemplateLoader.findTemplateSource("commons/commons-inject-js_en.ftl"): Not found
DEBUG   2022-09-10 17:53:04,813 [main] freemarker.cache  - TemplateLoader.findTemplateSource("commons/commons-inject-js.ftl"): Found
DEBUG   2022-09-10 17:53:04,813 [main] freemarker.cache  - Loading template for "commons/commons-inject-js.ftl"("en_IN", UTF-8, parsed) from "jar:file:/C:/Users/Akundar/.m2/repository/com/aventstack/extentreports/5.0.9/extentreports-5.0.9.jar!/com/aventstack/extentreports/templates/commons/commons-inject-js.ftl"
